[29/Mar/2017:02:05:58 +0000] GET / 200 1114.485 ms
[29/Mar/2017:02:53:04 +0000] GET / 304 965.179 ms
[29/Mar/2017:02:53:15 +0000] GET / 304 82.919 ms
[29/Mar/2017:02:54:24 +0000] GET / 304 81.965 ms
[29/Mar/2017:03:00:40 +0000] GET / 200 706.523 ms
[29/Mar/2017:03:00:45 +0000] GET /sup 200 74.622 ms
[29/Mar/2017:03:01:54 +0000] GET /sup 304 89.847 ms
[29/Mar/2017:03:02:01 +0000] GET /login 200 63.809 ms
[29/Mar/2017:03:02:01 +0000] GET /landing 200 76.888 ms
[29/Mar/2017:03:03:10 +0000] GET /landing 304 48.916 ms
[29/Mar/2017:03:03:20 +0000] GET / 304 43.987 ms
[29/Mar/2017:03:03:23 +0000] GET / 304 31.958 ms
[29/Mar/2017:03:03:27 +0000] GET /landing 304 24.218 ms
[29/Mar/2017:03:03:27 +0000] GET /login 304 24.771 ms
[29/Mar/2017:20:20:43 +0000] GET / 304 392.782 ms
[29/Mar/2017:20:20:50 +0000] GET /login 304 45.088 ms
[29/Mar/2017:20:20:52 +0000] GET /landing 304 47.467 ms
[29/Mar/2017:20:33:20 +0000] GET / 200 73.162 ms
[29/Mar/2017:20:33:23 +0000] GET / 304 47.725 ms
[29/Mar/2017:20:33:51 +0000] GET / 304 3689.862 ms
[29/Mar/2017:20:33:53 +0000] GET / 304 85.965 ms
[29/Mar/2017:20:36:57 +0000] GET / 200 811.372 ms
[29/Mar/2017:20:36:58 +0000] GET / 304 103.294 ms
[29/Mar/2017:20:43:35 +0000] GET / 200 839.374 ms
[29/Mar/2017:20:44:14 +0000] GET / 304 187.796 ms
[29/Mar/2017:20:45:13 +0000] GET / 200 157.855 ms
[29/Mar/2017:20:45:29 +0000] GET / 304 850.330 ms
[29/Mar/2017:20:46:39 +0000] GET / 200 847.536 ms
[29/Mar/2017:20:51:19 +0000] GET / 200 874.510 ms
[29/Mar/2017:21:00:11 +0000] GET / 304 885.218 ms
[29/Mar/2017:21:00:15 +0000] GET /landing 304 89.237 ms
[29/Mar/2017:21:01:05 +0000] GET /landing 304 73.231 ms
[29/Mar/2017:21:02:49 +0000] GET / 304 189.327 ms
[29/Mar/2017:21:04:22 +0000] GET / 304 67.430 ms
[30/Mar/2017:17:35:33 +0000] GET / 304 538.108 ms
[30/Mar/2017:17:58:44 +0000] GET / 304 3948.232 ms
[30/Mar/2017:17:58:44 +0000] GET / 200 156.997 ms
[30/Mar/2017:17:58:50 +0000] GET /landing 200 61.055 ms
[30/Mar/2017:17:58:51 +0000] GET /landing 304 28.210 ms
[30/Mar/2017:18:00:03 +0000] GET / 304 174.277 ms
[30/Mar/2017:18:03:58 +0000] GET /landing 304 763.122 ms
[30/Mar/2017:18:03:58 +0000] GET /landing 200 92.874 ms
[30/Mar/2017:18:06:26 +0000] GET /landing 304 796.510 ms
[30/Mar/2017:18:06:35 +0000] GET /landing 304 86.003 ms
[30/Mar/2017:18:15:39 +0000] GET /landing 200 3483.962 ms
[30/Mar/2017:18:15:39 +0000] GET /landing - - ms
[30/Mar/2017:18:15:39 +0000] GET /landing 200 165.619 ms
[30/Mar/2017:18:16:36 +0000] GET /landing 304 716.923 ms
[30/Mar/2017:18:17:38 +0000] GET / 304 195.727 ms
[30/Mar/2017:18:25:09 +0000] GET /landing 304 768.758 ms
[30/Mar/2017:18:26:46 +0000] GET /landing 304 708.673 ms
[30/Mar/2017:18:27:45 +0000] GET /landing 304 714.931 ms
[30/Mar/2017:18:28:25 +0000] GET /landing 304 699.874 ms
[30/Mar/2017:18:29:20 +0000] GET /landing 304 713.134 ms
[30/Mar/2017:18:33:45 +0000] GET /landing 304 124.203 ms
[30/Mar/2017:18:34:19 +0000] GET /landing 304 717.928 ms
[30/Mar/2017:18:35:08 +0000] GET /landing 304 726.440 ms
[30/Mar/2017:18:37:20 +0000] GET /landing 200 740.224 ms
[30/Mar/2017:18:38:42 +0000] GET /landing 200 721.104 ms
[30/Mar/2017:18:40:07 +0000] GET /landing 304 103.738 ms
[30/Mar/2017:18:40:45 +0000] GET /landing 304 718.761 ms
[30/Mar/2017:18:40:57 +0000] GET / 304 166.922 ms
[30/Mar/2017:18:49:00 +0000] GET /landing 304 715.849 ms
[30/Mar/2017:18:58:49 +0000] GET /landing 200 832.693 ms
[30/Mar/2017:19:01:26 +0000] GET /landing 304 764.821 ms
[30/Mar/2017:19:02:44 +0000] GET /landing 304 724.457 ms
[30/Mar/2017:19:04:34 +0000] GET /landing 304 717.137 ms
[30/Mar/2017:19:08:14 +0000] GET /landing 304 770.451 ms
[30/Mar/2017:19:09:31 +0000] GET /landing 304 724.192 ms
[30/Mar/2017:19:20:18 +0000] GET /landing 304 720.167 ms
[30/Mar/2017:19:21:24 +0000] GET /landing 304 766.996 ms
[30/Mar/2017:19:21:53 +0000] GET /landing 304 735.163 ms
[30/Mar/2017:19:23:38 +0000] GET /landing 304 717.783 ms
[30/Mar/2017:19:25:15 +0000] GET /landing 304 739.640 ms
[30/Mar/2017:19:48:22 +0000] GET /landing 304 1167.046 ms
[30/Mar/2017:19:54:56 +0000] GET /landing 304 800.005 ms
[30/Mar/2017:19:58:30 +0000] GET /landing 304 729.554 ms
[30/Mar/2017:19:58:35 +0000] GET / 200 99.944 ms
[01/Apr/2017:02:10:08 +0000] GET / 200 3511.784 ms
[01/Apr/2017:02:10:09 +0000] GET / 304 148.262 ms
[01/Apr/2017:02:10:10 +0000] GET /favicon.ico 200 97.876 ms
[01/Apr/2017:02:10:45 +0000] GET /profile/edit/1234 200 115.136 ms
[01/Apr/2017:02:10:46 +0000] GET /favicon.ico 304 90.431 ms
[01/Apr/2017:02:12:48 +0000] GET /profile/1234 200 90.243 ms
[01/Apr/2017:02:12:48 +0000] GET /favicon.ico 304 77.952 ms
[01/Apr/2017:02:12:58 +0000] GET /messageBoard 200 39.839 ms
[01/Apr/2017:02:12:59 +0000] GET /favicon.ico 304 32.565 ms
[01/Apr/2017:02:13:03 +0000] GET /register 200 22.719 ms
[01/Apr/2017:02:13:04 +0000] GET /favicon.ico 304 26.826 ms
[01/Apr/2017:02:13:10 +0000] GET /unauthorized 200 25.869 ms
[01/Apr/2017:02:13:11 +0000] GET /favicon.ico 304 26.276 ms
[01/Apr/2017:02:13:16 +0000] GET /createMessage 200 28.275 ms
[01/Apr/2017:02:13:16 +0000] GET /favicon.ico 304 25.488 ms
[01/Apr/2017:16:09:45 +0000] GET / 304 3586.792 ms
[01/Apr/2017:16:09:45 +0000] GET / 200 96.527 ms
[01/Apr/2017:16:09:45 +0000] GET /favicon.ico 304 98.389 ms
[01/Apr/2017:16:09:50 +0000] GET /landing 304 91.379 ms
[01/Apr/2017:16:09:51 +0000] GET /favicon.ico 304 49.412 ms
[01/Apr/2017:16:09:58 +0000] GET / 304 110.432 ms
[01/Apr/2017:16:09:58 +0000] GET /favicon.ico 304 87.573 ms
[01/Apr/2017:16:10:03 +0000] GET / 304 100.867 ms
[01/Apr/2017:16:10:03 +0000] GET /favicon.ico 304 46.635 ms
[01/Apr/2017:16:10:37 +0000] GET / 304 87.789 ms
[01/Apr/2017:16:10:38 +0000] GET /favicon.ico 304 89.248 ms
[01/Apr/2017:16:10:43 +0000] GET / 304 87.178 ms
[01/Apr/2017:16:10:44 +0000] GET /favicon.ico 304 56.841 ms
[01/Apr/2017:16:13:06 +0000] GET / 304 36.765 ms
[01/Apr/2017:16:13:06 +0000] GET /favicon.ico 304 27.184 ms
[01/Apr/2017:16:13:30 +0000] GET /editProfile 200 29.184 ms
[01/Apr/2017:16:13:31 +0000] GET /favicon.ico 304 37.479 ms
[01/Apr/2017:16:13:42 +0000] GET /register 304 27.346 ms
[01/Apr/2017:16:13:43 +0000] GET /favicon.ico 304 33.532 ms
[01/Apr/2017:16:14:50 +0000] GET / 304 21.959 ms
[01/Apr/2017:16:14:51 +0000] GET /favicon.ico 304 21.409 ms
[01/Apr/2017:16:14:59 +0000] GET / 304 21.076 ms
[01/Apr/2017:16:15:00 +0000] GET /favicon.ico 304 24.426 ms
[01/Apr/2017:16:16:17 +0000] GET / 304 21.578 ms
[01/Apr/2017:16:16:18 +0000] GET /favicon.ico 304 25.629 ms
[01/Apr/2017:16:16:25 +0000] GET / 304 21.150 ms
[01/Apr/2017:16:16:26 +0000] GET /favicon.ico 304 27.770 ms
[01/Apr/2017:16:17:18 +0000] GET / 304 19.117 ms
[01/Apr/2017:16:17:19 +0000] GET /favicon.ico 304 17.445 ms
[01/Apr/2017:16:18:05 +0000] GET / 304 31.842 ms
[01/Apr/2017:16:18:06 +0000] GET /favicon.ico 304 24.308 ms
[01/Apr/2017:16:18:51 +0000] GET / 304 26.316 ms
[01/Apr/2017:16:18:52 +0000] GET /favicon.ico 304 28.672 ms
[01/Apr/2017:16:20:06 +0000] GET / 304 17.346 ms
[01/Apr/2017:16:20:07 +0000] GET /favicon.ico 304 18.431 ms
[01/Apr/2017:16:20:07 +0000] POST /v1/session/eyJhbGciOiJSUzI1NiIsImtpZCI6IjgxNjg5Yjc2YTBjYTUyYTJiZjUwZWI2NGMwY2I5ZmYyZTgyZTYyNDYifQ.eyJhenAiOiIxMDI1NDI5MDM2ODM1LWxrbzhjdW4yNGhjYjJ2YzVxZTFvc2Y4anBqdGc1dGl0LmFwcHMuZ29vZ2xldXNlcmNvbnRlbnQuY29tIiwiYXVkIjoiMTAyNTQyOTAzNjgzNS1sa284Y3VuMjRoY2IydmM1cWUxb3NmOGpwanRnNXRpdC5hcHBzLmdvb2dsZXVzZXJjb250ZW50LmNvbSIsInN1YiI6IjEwNDEwMzI5OTk5OTk2MzA3NjA5OCIsImhkIjoidmFuZGVyYmlsdC5lZHUiLCJlbWFpbCI6ImJyYWRsZXkubi5mYXNrb3dpdHpAdmFuZGVyYmlsdC5lZHUiLCJlbWFpbF92ZXJpZmllZCI6dHJ1ZSwiYXRfaGFzaCI6IkdrcW9UQVYwQjJpVEFydFFUaEI0X3ciLCJpc3MiOiJhY2NvdW50cy5nb29nbGUuY29tIiwiaWF0IjoxNDkxMDYzNTQwLCJleHAiOjE0OTEwNjcxNDAsIm5hbWUiOiJCcmFkbGV5IEZhc2tvd2l0eiIsInBpY3R1cmUiOiJodHRwczovL2xoMy5nb29nbGV1c2VyY29udGVudC5jb20vLXgwbHdFWXBVUGxrL0FBQUFBQUFBQUFJL0FBQUFBQUFBQXRJLzlsVUhQaVNFUHhvL3M5Ni1jL3Bob3RvLmpwZyIsImdpdmVuX25hbWUiOiJCcmFkbGV5IiwiZmFtaWx5X25hbWUiOiJGYXNrb3dpdHoiLCJsb2NhbGUiOiJlbiJ9.4AOpdMk_Cqn5QhcVVVSnhZ3keLtoSB-iSgK_QUk_H165OYeociJ5vBi_0yzJXyB7mmQgptq2xFtFPl7pCG4r7jDmSoH476cmjMYuP6V-QePcI07uZF_BhMGz88jLsGM_QuL1eMtJcckdXhYmidwMt3lG-RSGkPaa6TOlptjhvCOzbSQo8f63UOHT56FeKnzQLjEFRlz7xEJn6vj7Qagi7W-bDjfDQJ5olTfd_7HbvEIYAd_KJ-ZKOQ1bMcqRufpY3NVJgiwihJ0yM95MTF82q1lklji3kCPGx3GTQdUaQg-2jdnsIV2fsLxV8SWOQ6mRamRZp2pCRGfNjXwEU3awsQ 500 6.473 ms
[01/Apr/2017:16:21:06 +0000] GET / 304 755.528 ms
[01/Apr/2017:16:21:07 +0000] GET /favicon.ico 304 105.388 ms
[01/Apr/2017:16:21:07 +0000] POST /v1/session/eyJhbGciOiJSUzI1NiIsImtpZCI6IjgxNjg5Yjc2YTBjYTUyYTJiZjUwZWI2NGMwY2I5ZmYyZTgyZTYyNDYifQ.eyJhenAiOiIxMDI1NDI5MDM2ODM1LWxrbzhjdW4yNGhjYjJ2YzVxZTFvc2Y4anBqdGc1dGl0LmFwcHMuZ29vZ2xldXNlcmNvbnRlbnQuY29tIiwiYXVkIjoiMTAyNTQyOTAzNjgzNS1sa284Y3VuMjRoY2IydmM1cWUxb3NmOGpwanRnNXRpdC5hcHBzLmdvb2dsZXVzZXJjb250ZW50LmNvbSIsInN1YiI6IjEwNDEwMzI5OTk5OTk2MzA3NjA5OCIsImhkIjoidmFuZGVyYmlsdC5lZHUiLCJlbWFpbCI6ImJyYWRsZXkubi5mYXNrb3dpdHpAdmFuZGVyYmlsdC5lZHUiLCJlbWFpbF92ZXJpZmllZCI6dHJ1ZSwiYXRfaGFzaCI6IkdrcW9UQVYwQjJpVEFydFFUaEI0X3ciLCJpc3MiOiJhY2NvdW50cy5nb29nbGUuY29tIiwiaWF0IjoxNDkxMDYzNTQwLCJleHAiOjE0OTEwNjcxNDAsIm5hbWUiOiJCcmFkbGV5IEZhc2tvd2l0eiIsInBpY3R1cmUiOiJodHRwczovL2xoMy5nb29nbGV1c2VyY29udGVudC5jb20vLXgwbHdFWXBVUGxrL0FBQUFBQUFBQUFJL0FBQUFBQUFBQXRJLzlsVUhQaVNFUHhvL3M5Ni1jL3Bob3RvLmpwZyIsImdpdmVuX25hbWUiOiJCcmFkbGV5IiwiZmFtaWx5X25hbWUiOiJGYXNrb3dpdHoiLCJsb2NhbGUiOiJlbiJ9.4AOpdMk_Cqn5QhcVVVSnhZ3keLtoSB-iSgK_QUk_H165OYeociJ5vBi_0yzJXyB7mmQgptq2xFtFPl7pCG4r7jDmSoH476cmjMYuP6V-QePcI07uZF_BhMGz88jLsGM_QuL1eMtJcckdXhYmidwMt3lG-RSGkPaa6TOlptjhvCOzbSQo8f63UOHT56FeKnzQLjEFRlz7xEJn6vj7Qagi7W-bDjfDQJ5olTfd_7HbvEIYAd_KJ-ZKOQ1bMcqRufpY3NVJgiwihJ0yM95MTF82q1lklji3kCPGx3GTQdUaQg-2jdnsIV2fsLxV8SWOQ6mRamRZp2pCRGfNjXwEU3awsQ 400 154.428 ms
[01/Apr/2017:16:21:47 +0000] GET /favicon.ico 304 165.150 ms
[01/Apr/2017:16:21:47 +0000] POST /v1/session/eyJhbGciOiJSUzI1NiIsImtpZCI6IjgxNjg5Yjc2YTBjYTUyYTJiZjUwZWI2NGMwY2I5ZmYyZTgyZTYyNDYifQ.eyJhenAiOiIxMDI1NDI5MDM2ODM1LWxrbzhjdW4yNGhjYjJ2YzVxZTFvc2Y4anBqdGc1dGl0LmFwcHMuZ29vZ2xldXNlcmNvbnRlbnQuY29tIiwiYXVkIjoiMTAyNTQyOTAzNjgzNS1sa284Y3VuMjRoY2IydmM1cWUxb3NmOGpwanRnNXRpdC5hcHBzLmdvb2dsZXVzZXJjb250ZW50LmNvbSIsInN1YiI6IjEwNDEwMzI5OTk5OTk2MzA3NjA5OCIsImhkIjoidmFuZGVyYmlsdC5lZHUiLCJlbWFpbCI6ImJyYWRsZXkubi5mYXNrb3dpdHpAdmFuZGVyYmlsdC5lZHUiLCJlbWFpbF92ZXJpZmllZCI6dHJ1ZSwiYXRfaGFzaCI6IkdrcW9UQVYwQjJpVEFydFFUaEI0X3ciLCJpc3MiOiJhY2NvdW50cy5nb29nbGUuY29tIiwiaWF0IjoxNDkxMDYzNTQwLCJleHAiOjE0OTEwNjcxNDAsIm5hbWUiOiJCcmFkbGV5IEZhc2tvd2l0eiIsInBpY3R1cmUiOiJodHRwczovL2xoMy5nb29nbGV1c2VyY29udGVudC5jb20vLXgwbHdFWXBVUGxrL0FBQUFBQUFBQUFJL0FBQUFBQUFBQXRJLzlsVUhQaVNFUHhvL3M5Ni1jL3Bob3RvLmpwZyIsImdpdmVuX25hbWUiOiJCcmFkbGV5IiwiZmFtaWx5X25hbWUiOiJGYXNrb3dpdHoiLCJsb2NhbGUiOiJlbiJ9.4AOpdMk_Cqn5QhcVVVSnhZ3keLtoSB-iSgK_QUk_H165OYeociJ5vBi_0yzJXyB7mmQgptq2xFtFPl7pCG4r7jDmSoH476cmjMYuP6V-QePcI07uZF_BhMGz88jLsGM_QuL1eMtJcckdXhYmidwMt3lG-RSGkPaa6TOlptjhvCOzbSQo8f63UOHT56FeKnzQLjEFRlz7xEJn6vj7Qagi7W-bDjfDQJ5olTfd_7HbvEIYAd_KJ-ZKOQ1bMcqRufpY3NVJgiwihJ0yM95MTF82q1lklji3kCPGx3GTQdUaQg-2jdnsIV2fsLxV8SWOQ6mRamRZp2pCRGfNjXwEU3awsQ 400 3.132 ms
[01/Apr/2017:16:49:01 +0000] GET /v1/filter/messages 400 79.973 ms
[01/Apr/2017:17:01:05 +0000] GET /v1/filter/messages/location/all/time/101010 500 20.503 ms
[01/Apr/2017:17:02:05 +0000] GET /v1/filter/messages/location/all/time/101010 200 91.009 ms
[01/Apr/2017:17:04:14 +0000] GET /v1/filter/messages/location/branscomb 500 19.575 ms
[01/Apr/2017:17:06:29 +0000] GET /v1/filter/messages/location/branscomb 200 52.440 ms
[01/Apr/2017:17:07:48 +0000] GET /v1/user/id/0101 500 7.290 ms
[01/Apr/2017:17:14:00 +0000] GET /v1/user/id/0101 500 20.497 ms
[01/Apr/2017:17:19:16 +0000] GET /v1/user/id/0101 404 65.511 ms
[01/Apr/2017:17:19:46 +0000] GET /v1/filter/messages/location/branscomb 200 19.014 ms
[01/Apr/2017:17:20:44 +0000] GET /v1/washMessage/1234 500 6.449 ms
[01/Apr/2017:17:20:54 +0000] GET /v1/wishMessage/1234 500 3.064 ms
[01/Apr/2017:17:21:00 +0000] GET /v1/washMessage/1234 500 1.392 ms
[01/Apr/2017:17:21:30 +0000] GET /v1/user/id/1234 404 6.005 ms
[01/Apr/2017:17:22:29 +0000] GET /v1/user/id/1234 404 8.739 ms
[01/Apr/2017:17:22:32 +0000] GET /v1/filter/messages/location/branscomb 200 8.443 ms
[01/Apr/2017:17:55:59 +0000] GET /v1/user/username/1234 404 153.173 ms
[01/Apr/2017:17:56:49 +0000] GET /v1/washMessage/1234 500 28.691 ms
[01/Apr/2017:17:57:46 +0000] GET /v1/washMessage/1234 400 30.883 ms
[01/Apr/2017:17:58:43 +0000] GET /v1/washMessage/1234 400 79.875 ms
[01/Apr/2017:17:59:18 +0000] GET /v1/washMessage/1234 400 29.578 ms
[01/Apr/2017:18:02:41 +0000] GET /v1/wishMessage/1234 500 7.215 ms
[01/Apr/2017:18:03:28 +0000] GET /v1/wishMessage/1234 400 30.598 ms
[01/Apr/2017:18:05:06 +0000] POST /v1/user 400 731.915 ms
[01/Apr/2017:18:07:11 +0000] POST /v1/user 404 32.199 ms
[01/Apr/2017:18:08:35 +0000] POST /v1/user 201 143.681 ms
[01/Apr/2017:18:10:45 +0000] POST /v1/user 201 124.849 ms
[01/Apr/2017:18:12:22 +0000] GET /v1/user/id/58dfed25057dd41df484d0d7 404 8.168 ms
[01/Apr/2017:18:13:58 +0000] GET /v1/user/id/58dfed25057dd41df484d0d7 200 69.792 ms
[01/Apr/2017:18:16:27 +0000] POST /v1/user 201 93.595 ms
[01/Apr/2017:18:17:15 +0000] POST /v1/user 404 8.863 ms
[01/Apr/2017:18:17:22 +0000] POST /v1/user 400 19.344 ms
[01/Apr/2017:18:18:12 +0000] POST /v1/user 404 221.821 ms
[01/Apr/2017:18:18:32 +0000] POST /v1/user 201 54.987 ms
[01/Apr/2017:18:20:37 +0000] PUT /v1/user 200 25.901 ms
[01/Apr/2017:18:22:25 +0000] GET /v1/username/zromi 200 4090.275 ms
[01/Apr/2017:18:25:07 +0000] GET /v1/user/username/zromi 200 44.930 ms
[01/Apr/2017:18:27:47 +0000] PUT /v1/user 200 20.868 ms
[01/Apr/2017:18:28:04 +0000] PUT /v1/user 200 78.539 ms
[01/Apr/2017:18:29:33 +0000] POST /v1/washMessage 400 5.097 ms
[01/Apr/2017:18:35:16 +0000] POST /v1/user 201 82.275 ms
[01/Apr/2017:18:36:29 +0000] POST /v1/user 201 130.046 ms
[01/Apr/2017:18:37:24 +0000] PUT /v1/user 200 17.824 ms
[01/Apr/2017:18:46:20 +0000] POST /v1/washMessage 400 4.410 ms
[01/Apr/2017:18:47:17 +0000] POST /v1/washMessage 400 1.548 ms
[01/Apr/2017:18:47:33 +0000] POST /v1/washMessage 500 4.429 ms
[01/Apr/2017:18:48:09 +0000] POST /v1/washMessage 201 281.188 ms
[01/Apr/2017:18:50:54 +0000] POST /v1/washMessage 201 19.211 ms
[01/Apr/2017:18:51:22 +0000] POST /v1/washMessage 201 126.962 ms
[01/Apr/2017:18:52:16 +0000] DELETE /v1/washMessage/58dff6aabba7a013ecc86925 200 15.400 ms
[01/Apr/2017:18:52:38 +0000] DELETE /v1/washMessage/1 200 5.359 ms
[01/Apr/2017:18:54:10 +0000] DELETE /v1/washMessage/1 200 36.689 ms
[01/Apr/2017:19:01:09 +0000] DELETE /v1/washMessage/1 200 36.349 ms
[01/Apr/2017:19:01:12 +0000] DELETE /v1/washMessage/1 200 6.817 ms
[01/Apr/2017:19:01:18 +0000] DELETE /v1/washMessage/2 200 3.797 ms
[01/Apr/2017:19:01:51 +0000] DELETE /v1/washMessage/2 200 36.535 ms
[01/Apr/2017:19:01:52 +0000] DELETE /v1/washMessage/2 200 8.557 ms
[01/Apr/2017:19:01:53 +0000] DELETE /v1/washMessage/2 200 3.681 ms
[01/Apr/2017:19:02:18 +0000] DELETE /v1/washMessage/2 200 69.037 ms
[01/Apr/2017:19:03:19 +0000] DELETE /v1/washMessage/2 404 75.779 ms
[01/Apr/2017:19:04:10 +0000] DELETE /v1/washMessage/58dff6aabba7a013ecc86925 404 10.206 ms
[01/Apr/2017:19:06:39 +0000] DELETE /v1/washMessage/58dff6aabba7a013ecc86925 200 65.574 ms
[01/Apr/2017:19:08:08 +0000] POST /v1/washMessage 201 100.335 ms
[01/Apr/2017:19:08:28 +0000] GET /v1/washMessage/58dffa98b24c881500c41910 200 8.129 ms
[01/Apr/2017:19:09:49 +0000] GET /v1/washMessage/58dffa98b24c881500c41910 200 3.646 ms
[01/Apr/2017:19:09:59 +0000] GET /v1/washMessage/58dffa98b24c881500c41910 200 58.550 ms
[01/Apr/2017:19:18:06 +0000] GET /v1/washMessage/58dffa98b24c881500c41910 200 13.169 ms
[01/Apr/2017:19:20:51 +0000] GET /v1/user/username/zromi 404 6.172 ms
[01/Apr/2017:19:21:13 +0000] GET /v1/user/username/zrom 200 7.587 ms
[01/Apr/2017:19:27:00 +0000] POST /v1/wishMessage 400 42.928 ms
[01/Apr/2017:19:27:11 +0000] POST /v1/wishMessage 400 3.083 ms
[01/Apr/2017:19:27:28 +0000] POST /v1/wishMessage 500 2.978 ms
[01/Apr/2017:19:29:04 +0000] POST /v1/wishMessage 400 108.824 ms
[01/Apr/2017:19:30:01 +0000] POST /v1/wishMessage 400 17.502 ms
[01/Apr/2017:19:30:11 +0000] POST /v1/wishMessage 201 247.226 ms
[01/Apr/2017:19:31:47 +0000] DELETE /v1/wishMessage/58dfffc3881c1b0-fdcd88be3 200 15.792 ms
[01/Apr/2017:19:32:45 +0000] DELETE /v1/wishMessage/58dfffc3881c1b0-fdcd88be3 200 38.050 ms
[01/Apr/2017:19:33:09 +0000] DELETE /v1/wishMessage/58dfffc3881c1b0-fdcd88be3 404 30.237 ms
[01/Apr/2017:19:33:49 +0000] DELETE /v1/wishMessage/58dfffc3881c1b0-fdcd88be3 404 74.580 ms
[01/Apr/2017:19:34:07 +0000] DELETE /v1/wishMessage/58dfffc3881c1b0fdcd88be3 200 16.574 ms
[01/Apr/2017:19:36:12 +0000] GET /v1/wishMessage/58dfffc3881c1b0fdcd88be3 200 23.357 ms
